0 info it worked if it ends with ok
1 verbose cli [ '/usr/local/bin/node', '/usr/local/bin/npm', 'publish' ]
2 info using npm@3.10.3
3 info using node@v6.3.1
4 verbose publish [ '.' ]
5 silly cache add args [ '.', null ]
6 verbose cache add spec .
7 silly cache add parsed spec Result {
7 silly cache add   raw: '.',
7 silly cache add   scope: null,
7 silly cache add   escapedName: null,
7 silly cache add   name: null,
7 silly cache add   rawSpec: '.',
7 silly cache add   spec: '/Applications/XAMPP/xamppfiles/htdocs/dynamicGrid',
7 silly cache add   type: 'directory' }
8 verbose addLocalDirectory /Users/nathan/.npm/dynamicgrid/0.1.0/package.tgz not in flight; packing
9 verbose correctMkdir /Users/nathan/.npm correctMkdir not in flight; initializing
10 info lifecycle dynamicgrid@0.1.0~prepublish: dynamicgrid@0.1.0
11 silly lifecycle dynamicgrid@0.1.0~prepublish: no script for prepublish, continuing
12 verbose tar pack [ '/Users/nathan/.npm/dynamicgrid/0.1.0/package.tgz',
12 verbose tar pack   '/Applications/XAMPP/xamppfiles/htdocs/dynamicGrid' ]
13 verbose tarball /Users/nathan/.npm/dynamicgrid/0.1.0/package.tgz
14 verbose folder /Applications/XAMPP/xamppfiles/htdocs/dynamicGrid
15 verbose addLocalTarball adding from inside cache /Users/nathan/.npm/dynamicgrid/0.1.0/package.tgz
16 verbose correctMkdir /Users/nathan/.npm correctMkdir not in flight; initializing
17 silly cache afterAdd dynamicgrid@0.1.0
18 verbose afterAdd /Users/nathan/.npm/dynamicgrid/0.1.0/package/package.json not in flight; writing
19 verbose correctMkdir /Users/nathan/.npm correctMkdir not in flight; initializing
20 verbose afterAdd /Users/nathan/.npm/dynamicgrid/0.1.0/package/package.json written
21 silly publish { name: 'dynamicgrid',
21 silly publish   version: '0.1.0',
21 silly publish   main: 'dist/grid.js',
21 silly publish   dependencies:
21 silly publish    { express: '^4.14.0',
21 silly publish      pug: '^2.0.0-beta6',
21 silly publish      'socket.io': '^1.5.1' },
21 silly publish   devDependencies:
21 silly publish    { '@types/node': '^6.0.46',
21 silly publish      mocha: '^3.1.2',
21 silly publish      'mocha-typescript': '^1.0.11',
21 silly publish      'ts-node': '^1.7.0',
21 silly publish      typescript: '^2.0.8',
21 silly publish      'typescript-require': '^0.2.9-1' },
21 silly publish   scripts:
21 silly publish    { test: 'mocha --compilers js:babel-core/register',
21 silly publish      'dev-test-watch': 'mocha-typescript-watch' },
21 silly publish   author: '',
21 silly publish   license: 'ISC',
21 silly publish   directories: { test: 'test' },
21 silly publish   repository:
21 silly publish    { type: 'git',
21 silly publish      url: 'git+https://github.com/nquinn721/dynamic-grid.git' },
21 silly publish   bugs: { url: 'https://github.com/nquinn721/dynamic-grid/issues' },
21 silly publish   homepage: 'https://github.com/nquinn721/dynamic-grid#readme',
21 silly publish   description: '',
21 silly publish   readme: '# Dynamic Grid\n',
21 silly publish   readmeFilename: 'README.md',
21 silly publish   gitHead: 'e4472078a35f9577de951b7e8def4eb2fdc02d00',
21 silly publish   _id: 'dynamicgrid@0.1.0',
21 silly publish   _shasum: '5c1da509c39f0ba3a6ea2a25fa7a05a67a5d1d2e',
21 silly publish   _from: '.' }
22 verbose getPublishConfig undefined
23 silly mapToRegistry name dynamicgrid
24 silly mapToRegistry using default registry
25 silly mapToRegistry registry https://registry.npmjs.org/
26 silly mapToRegistry data Result {
26 silly mapToRegistry   raw: 'dynamicgrid',
26 silly mapToRegistry   scope: null,
26 silly mapToRegistry   escapedName: 'dynamicgrid',
26 silly mapToRegistry   name: 'dynamicgrid',
26 silly mapToRegistry   rawSpec: '',
26 silly mapToRegistry   spec: 'latest',
26 silly mapToRegistry   type: 'tag' }
27 silly mapToRegistry uri https://registry.npmjs.org/dynamicgrid
28 verbose publish registryBase https://registry.npmjs.org/
29 silly publish uploading /Users/nathan/.npm/dynamicgrid/0.1.0/package.tgz
30 verbose request uri https://registry.npmjs.org/dynamicgrid
31 verbose request sending authorization for write operation
32 info attempt registry request try #1 at 1:33:16 PM
33 verbose request using bearer token for auth
34 verbose request id c305836e4264d90b
35 http request PUT https://registry.npmjs.org/dynamicgrid
36 http 403 https://registry.npmjs.org/dynamicgrid
37 verbose headers { 'content-type': 'application/json',
37 verbose headers   'cache-control': 'max-age=300',
37 verbose headers   'content-length': '95',
37 verbose headers   'accept-ranges': 'bytes',
37 verbose headers   date: 'Tue, 15 Nov 2016 18:33:17 GMT',
37 verbose headers   via: '1.1 varnish',
37 verbose headers   connection: 'keep-alive',
37 verbose headers   'x-served-by': 'cache-iad2136-IAD',
37 verbose headers   'x-cache': 'MISS',
37 verbose headers   'x-cache-hits': '0',
37 verbose headers   'x-timer': 'S1479234796.773254,VS0,VE500',
37 verbose headers   vary: 'Accept-Encoding' }
38 verbose request invalidating /Users/nathan/.npm/registry.npmjs.org/dynamicgrid on PUT
39 error publish Failed PUT 403
40 verbose stack Error: "You cannot publish over the previously published version 0.1.0." : dynamicgrid
40 verbose stack     at makeError (/usr/local/lib/node_modules/npm/node_modules/npm-registry-client/lib/request.js:264:12)
40 verbose stack     at CachingRegistryClient.<anonymous> (/usr/local/lib/node_modules/npm/node_modules/npm-registry-client/lib/request.js:252:14)
40 verbose stack     at Request._callback (/usr/local/lib/node_modules/npm/node_modules/npm-registry-client/lib/request.js:172:14)
40 verbose stack     at Request.self.callback (/usr/local/lib/node_modules/npm/node_modules/request/request.js:200:22)
40 verbose stack     at emitTwo (events.js:106:13)
40 verbose stack     at Request.emit (events.js:191:7)
40 verbose stack     at Request.<anonymous> (/usr/local/lib/node_modules/npm/node_modules/request/request.js:1067:10)
40 verbose stack     at emitOne (events.js:101:20)
40 verbose stack     at Request.emit (events.js:188:7)
40 verbose stack     at IncomingMessage.<anonymous> (/usr/local/lib/node_modules/npm/node_modules/request/request.js:988:12)
41 verbose statusCode 403
42 verbose pkgid dynamicgrid
43 verbose cwd /Applications/XAMPP/xamppfiles/htdocs/dynamicGrid
44 error Darwin 15.6.0
45 error argv "/usr/local/bin/node" "/usr/local/bin/npm" "publish"
46 error node v6.3.1
47 error npm  v3.10.3
48 error code E403
49 error "You cannot publish over the previously published version 0.1.0." : dynamicgrid
50 error If you need help, you may report this error at:
50 error     <https://github.com/npm/npm/issues>
51 verbose exit [ 1, true ]
